/*C3*/SET SCHEMA PUBLIC
CREATE TABLE IF NOT EXISTS DICTIONARY (id INTEGER IDENTITY PRIMARY KEY, word VARCHAR(20), definition VARCHAR (1000))
INSERT INTO DICTIONARY VALUES(8,'123456789','Agata')
COMMIT
DELETE FROM DICTIONARY WHERE ID=4
COMMIT
DELETE FROM DICTIONARY WHERE ID=8
COMMIT
DELETE FROM DICTIONARY WHERE ID=5
COMMIT
INSERT INTO DICTIONARY VALUES(9,'Wojtek','234523512')
COMMIT
DELETE FROM DICTIONARY WHERE ID=6
INSERT INTO DICTIONARY VALUES(6,'Piotr','653462346')
COMMIT
DELETE FROM DICTIONARY WHERE ID=7
INSERT INTO DICTIONARY VALUES(7,'Zbyszek','754745834')
COMMIT
INSERT INTO DICTIONARY VALUES(10,'123456789','Agata')
COMMIT
DISCONNECT
